2023-11-17 19:44:39 info: =================================
2023-11-17 19:44:39 info: ======= ENV: development ========
2023-11-17 19:44:39 info: App listening on the port 5000
2023-11-17 19:44:39 info: =================================
2023-11-17 19:45:24 info: GET /test/jsonsearchquery 200 - - 7.711 ms
2023-11-17 19:45:54 info: GET /properties 404 149 - 1.384 ms
2023-11-17 19:46:38 info: GET /test/jsonsearchquery 200 - - 0.766 ms
2023-11-17 19:49:27 info: =================================
2023-11-17 19:49:27 info: ======= ENV: development ========
2023-11-17 19:49:27 info: App listening on the port 5000
2023-11-17 19:49:27 info: =================================
2023-11-17 19:50:14 info: GET /test/jsonsearchquery 200 - - 5004.864 ms
2023-11-17 19:50:23 info: GET /test/jsonsearchquery 200 - - 5006.458 ms
2023-11-17 19:50:29 info: PUT /hello 200 20 - 13.198 ms
2023-11-17 19:50:32 info: GET /hello 200 20 - 1.263 ms
2023-11-17 19:51:32 info: =================================
2023-11-17 19:51:32 info: ======= ENV: development ========
2023-11-17 19:51:32 info: App listening on the port 5000
2023-11-17 19:51:32 info: =================================
2023-11-17 19:51:50 info: =================================
2023-11-17 19:51:50 info: ======= ENV: development ========
2023-11-17 19:51:50 info: App listening on the port 5000
2023-11-17 19:51:50 info: =================================
2023-11-17 19:53:27 info: GET /test/jsonsearchquery 200 - - 5013.221 ms
2023-11-17 19:53:34 info: GET /test/jsonsearchquery 200 - - 5002.002 ms
2023-11-17 19:54:31 info: GET /test/jsonsearchquery 200 - - 5004.965 ms
2023-11-17 19:54:33 info: GET /test/jsonsearchquery 200 - - 5002.457 ms
2023-11-17 19:56:12 info: GET /test/jsonsearchquery 200 - - 5002.708 ms
2023-11-17 19:56:43 info: GET /test/jsonsearchquery 200 - - 5006.828 ms
2023-11-17 19:57:09 info: =================================
2023-11-17 19:57:09 info: ======= ENV: development ========
2023-11-17 19:57:09 info: App listening on the port 5000
2023-11-17 19:57:09 info: =================================
2023-11-17 20:38:57 info: GET /test/jsonsearchquery 200 - - 3507.004 ms
2023-11-17 20:39:18 info: GET /test/jsonsearchquery 200 - - 3500.833 ms
2023-11-17 20:39:22 info: GET /test/jsonsearchquery 200 - - 3502.683 ms
2023-11-17 20:39:30 info: GET /test/jsonsearchquery 200 - - 3505.042 ms
2023-11-17 20:42:45 info: GET /test/jsonsearchquery 200 - - 3502.960 ms
2023-11-17 20:42:57 info: GET /test/jsonsearchquery 200 - - 3501.502 ms
2023-11-17 20:43:00 info: GET /test/jsonsearchquery 200 - - 3504.074 ms
2023-11-17 20:43:06 info: GET /test/jsonsearchquery 200 - - 3502.425 ms
2023-11-17 20:44:10 info: GET /test/jsonsearchquery 200 - - 3503.229 ms
2023-11-17 20:48:43 info: GET /test/jsonsearchquery 200 - - 3503.875 ms
2023-11-17 20:51:18 info: GET /test/jsonsearchquery 200 - - 3505.187 ms
2023-11-17 20:51:23 info: GET /test/jsonsearchquery 200 - - 3504.971 ms
2023-11-17 20:51:28 info: GET /test/jsonsearchquery 200 - - 3501.731 ms
2023-11-17 20:52:34 info: GET /test/jsonsearchquery 200 - - 3504.117 ms
2023-11-17 20:52:43 info: GET /test/jsonsearchquery 200 - - 3502.204 ms
2023-11-17 20:52:46 info: GET /test/jsonsearchquery 200 - - 3501.812 ms
2023-11-17 20:52:49 info: GET /test/jsonsearchquery 200 - - 3502.317 ms
2023-11-17 20:53:02 info: GET /test/jsonsearchquery 200 - - 3502.268 ms
2023-11-17 20:53:30 info: GET /test/jsonsearchquery 200 - - 3500.880 ms
2023-11-17 20:53:34 info: GET /test/jsonsearchquery 200 - - 3503.962 ms
2023-11-17 20:53:40 info: GET /test/jsonsearchquery 200 - - 3501.190 ms
2023-11-17 20:53:42 info: GET /test/jsonsearchquery 200 - - 3501.611 ms
2023-11-17 20:53:52 info: GET /test/jsonsearchquery 200 - - 3503.574 ms
2023-11-17 20:54:03 info: GET /test/jsonsearchquery 200 - - 3501.473 ms
2023-11-17 20:54:06 info: GET /test/jsonsearchquery 200 - - 3503.079 ms
2023-11-17 20:56:32 info: GET /test/jsonsearchquery 200 - - 3503.227 ms
2023-11-17 20:58:20 info: GET /test/jsonsearchquery 200 - - 3505.128 ms
2023-11-17 20:58:31 info: GET /test/jsonsearchquery 200 - - 3504.629 ms
2023-11-17 20:58:45 info: GET /test/jsonsearchquery 200 - - 3504.262 ms
2023-11-17 21:00:03 info: GET /test/jsonsearchquery 200 - - 3503.234 ms
2023-11-17 21:00:30 info: GET /test/jsonsearchquery 200 - - 3504.350 ms
2023-11-17 21:00:34 info: GET /test/jsonsearchquery 200 - - 3501.373 ms
2023-11-17 21:00:38 info: GET /test/jsonsearchquery 200 - - 3500.983 ms
2023-11-17 21:00:50 info: GET /test/jsonsearchquery 200 - - 3504.248 ms
2023-11-17 21:00:53 info: GET /test/jsonsearchquery 200 - - 3501.281 ms
2023-11-17 21:00:55 info: GET /test/jsonsearchquery 200 - - 3501.363 ms
2023-11-17 21:01:11 info: GET /test/jsonsearchquery 200 - - 3502.626 ms
2023-11-17 21:01:18 info: GET /test/jsonsearchquery 200 - - 3502.978 ms
2023-11-17 21:09:02 info: GET /test/jsonsearchquery 200 - - 3503.245 ms
2023-11-17 21:09:16 info: GET /test/jsonsearchquery 200 - - 3505.134 ms
2023-11-17 21:10:44 info: GET /test/jsonsearchquery 200 - - 3504.182 ms
2023-11-17 21:10:58 info: GET /test/jsonsearchquery 200 - - 3502.861 ms
2023-11-17 21:11:01 info: GET /test/jsonsearchquery 200 - - 3501.469 ms
2023-11-17 21:11:04 info: GET /test/jsonsearchquery 200 - - 3502.566 ms
2023-11-17 21:11:21 info: GET /test/jsonsearchquery 200 - - 3503.682 ms
2023-11-17 21:11:25 info: GET /test/jsonsearchquery 200 - - 3501.900 ms
2023-11-17 21:11:28 info: GET /test/jsonsearchquery 200 - - 3502.117 ms
2023-11-17 21:11:58 info: GET /test/jsonsearchquery 200 - - 3503.530 ms
2023-11-17 21:12:08 info: GET /test/jsonsearchquery 200 - - 3500.979 ms
2023-11-17 21:12:12 info: GET /test/jsonsearchquery 200 - - 3502.946 ms
2023-11-17 21:12:22 info: GET /test/jsonsearchquery 200 - - 3504.203 ms
2023-11-17 21:13:01 info: GET /test/jsonsearchquery 200 - - 3501.019 ms
2023-11-17 21:13:24 info: GET /test/jsonsearchquery 200 - - 3504.816 ms
2023-11-17 21:13:37 info: GET /test/jsonsearchquery 200 - - 3505.255 ms
2023-11-17 21:16:10 info: GET /test/jsonsearchquery 200 - - 3504.712 ms
2023-11-17 21:16:40 info: GET /test/jsonsearchquery 200 - - 3503.350 ms
2023-11-17 21:17:04 info: GET /test/jsonsearchquery 200 - - 3503.570 ms
2023-11-17 21:17:09 info: GET /test/jsonsearchquery 200 - - 3504.671 ms
2023-11-17 21:17:36 info: GET /test/jsonsearchquery 200 - - 3504.170 ms
2023-11-17 21:17:44 info: GET /test/jsonsearchquery 200 - - 3503.343 ms
2023-11-17 21:18:28 info: GET /test/jsonsearchquery 200 - - 3504.270 ms
2023-11-17 21:18:47 info: GET /test/jsonsearchquery 200 - - 3503.723 ms
2023-11-17 21:18:56 info: GET /test/jsonsearchquery 200 - - 3504.823 ms
2023-11-17 21:19:53 info: =================================
2023-11-17 21:19:53 info: ======= ENV: development ========
2023-11-17 21:19:53 info: App listening on the port 5000
2023-11-17 21:19:53 info: =================================
2023-11-17 21:19:57 info: GET /test/jsonsearchquery 200 - - 3.280 ms
2023-11-17 21:20:02 info: GET /test/jsonsearchquery 200 - - 0.850 ms
2023-11-17 21:20:53 info: GET /test/jsonsearchquery 200 - - 1.246 ms
2023-11-17 21:21:03 info: GET /test/jsonsearchquery 200 - - 0.744 ms
2023-11-17 21:21:06 info: GET /test/jsonsearchquery 200 - - 0.877 ms
2023-11-17 21:21:10 info: GET /test/jsonsearchquery 200 - - 0.597 ms
2023-11-17 21:21:12 info: GET /test/jsonsearchquery 200 - - 0.661 ms
2023-11-17 21:21:26 info: GET /test/jsonsearchquery 200 - - 0.723 ms
2023-11-17 21:21:30 info: GET /test/jsonsearchquery 200 - - 0.586 ms
2023-11-17 21:21:42 info: GET /test/jsonsearchquery 200 - - 0.737 ms
2023-11-17 21:21:49 info: GET /test/jsonsearchquery 200 - - 0.777 ms
2023-11-17 21:21:53 info: GET /test/jsonsearchquery 200 - - 0.594 ms
2023-11-17 21:21:57 info: GET /test/jsonsearchquery 200 - - 0.770 ms
2023-11-17 21:22:59 info: GET /test/jsonsearchquery 200 - - 0.500 ms
2023-11-17 21:23:14 info: GET /test/jsonsearchquery 200 - - 1.085 ms
2023-11-17 21:23:21 info: GET /test/jsonsearchquery 200 - - 0.669 ms
2023-11-17 21:23:50 info: GET /test/jsonsearchquery 200 - - 0.480 ms
2023-11-17 21:23:56 info: GET /test/jsonsearchquery 200 - - 0.405 ms
2023-11-17 21:24:02 info: GET /test/jsonsearchquery 200 - - 0.413 ms
2023-11-17 21:24:13 info: GET /test/jsonsearchquery 200 - - 0.929 ms
2023-11-17 21:24:39 info: GET /test/jsonsearchquery 200 - - 0.809 ms
2023-11-17 21:24:44 info: GET /test/jsonsearchquery 200 - - 0.973 ms
2023-11-17 21:24:55 info: GET /test/jsonsearchquery 200 - - 0.636 ms
2023-11-17 21:25:12 info: GET /test/jsonsearchquery 200 - - 0.505 ms
2023-11-17 21:25:21 info: GET /test/jsonsearchquery 200 - - 0.447 ms
2023-11-17 21:25:36 info: GET /test/jsonsearchquery 200 - - 0.389 ms
2023-11-17 21:25:42 info: GET /test/jsonsearchquery 200 - - 0.980 ms
2023-11-17 21:29:46 info: GET /test/jsonsearchquery 200 - - 0.689 ms
2023-11-17 21:29:49 info: GET /test/jsonsearchquery 200 - - 0.399 ms
2023-11-17 21:30:04 info: GET /test/jsonsearchquery 200 - - 1.232 ms
2023-11-17 21:31:06 info: GET /test/jsonsearchquery 200 - - 0.416 ms
2023-11-17 21:31:25 info: GET /test/jsonsearchquery 200 - - 0.399 ms
2023-11-17 21:31:40 info: GET /test/jsonsearchquery 200 - - 0.630 ms
2023-11-17 21:31:48 info: GET /test/jsonsearchquery 200 - - 0.384 ms
2023-11-17 21:32:05 info: GET /test/jsonsearchquery 200 - - 0.391 ms
2023-11-17 22:17:24 info: GET /test/jsonsearchquery 200 - - 1.109 ms
2023-11-17 22:17:44 info: GET /test/jsonsearchquery 200 - - 0.361 ms
2023-11-17 22:18:10 info: =================================
2023-11-17 22:18:10 info: ======= ENV: development ========
2023-11-17 22:18:10 info: App listening on the port 5000
2023-11-17 22:18:10 info: =================================
2023-11-17 22:19:17 info: =================================
2023-11-17 22:19:17 info: ======= ENV: development ========
2023-11-17 22:19:17 info: App listening on the port 5000
2023-11-17 22:19:17 info: =================================
2023-11-17 22:19:30 info: =================================
2023-11-17 22:19:30 info: ======= ENV: development ========
2023-11-17 22:19:30 info: App listening on the port 5000
2023-11-17 22:19:30 info: =================================
2023-11-17 22:19:41 info: =================================
2023-11-17 22:19:41 info: ======= ENV: development ========
2023-11-17 22:19:41 info: App listening on the port 5000
2023-11-17 22:19:41 info: =================================
2023-11-17 22:19:44 info: =================================
2023-11-17 22:19:44 info: ======= ENV: development ========
2023-11-17 22:19:44 info: App listening on the port 5000
2023-11-17 22:19:44 info: =================================
2023-11-17 22:19:59 info: =================================
2023-11-17 22:19:59 info: ======= ENV: development ========
2023-11-17 22:19:59 info: App listening on the port 5000
2023-11-17 22:19:59 info: =================================
2023-11-17 22:20:06 info: =================================
2023-11-17 22:20:06 info: ======= ENV: development ========
2023-11-17 22:20:06 info: App listening on the port 5000
2023-11-17 22:20:06 info: =================================
2023-11-17 22:20:49 info: GET /test/jsonsearchquery 200 - - 3.406 ms
2023-11-17 22:20:59 info: GET /test/jsonsearchquery 200 - - 0.864 ms
2023-11-17 22:22:23 info: =================================
2023-11-17 22:22:23 info: ======= ENV: development ========
2023-11-17 22:22:23 info: App listening on the port 5000
2023-11-17 22:22:23 info: =================================
2023-11-17 22:22:47 info: GET /test/jsonsearchquery 200 - - 3.068 ms
2023-11-17 22:23:07 info: GET /test/jsonsearchquery 200 - - 0.737 ms
2023-11-17 22:24:17 info: GET /test/jsonsearchquery 200 - - 0.568 ms
2023-11-17 22:30:52 info: GET /test/jsonsearchquery 200 - - 0.471 ms
2023-11-17 22:30:59 info: GET /test/jsonsearchquery 200 - - 0.747 ms
2023-11-17 22:32:22 info: GET /test/jsonsearchquery 200 - - 0.520 ms
2023-11-17 22:32:31 info: GET /test/jsonsearchquery 200 - - 0.980 ms
2023-11-17 22:32:39 info: GET /test/jsonsearchquery 200 - - 0.538 ms
2023-11-17 22:32:43 info: GET /test/jsonsearchquery 200 - - 1.097 ms
2023-11-17 22:33:05 info: GET /test/jsonsearchquery 200 - - 0.614 ms
2023-11-17 22:33:17 info: GET /test/jsonsearchquery 200 - - 0.668 ms
2023-11-17 22:33:27 info: GET /test/jsonsearchquery 200 - - 0.481 ms
2023-11-17 22:33:31 info: GET /test/jsonsearchquery 200 - - 1.468 ms
2023-11-17 22:37:15 info: GET /test/jsonsearchquery 200 - - 0.579 ms
2023-11-17 22:37:34 info: GET /test/jsonsearchquery 200 - - 0.372 ms
2023-11-17 22:38:04 info: GET /test/jsonsearchquery 200 - - 0.426 ms
2023-11-17 22:38:12 info: GET /test/jsonsearchquery 200 - - 0.413 ms
2023-11-17 22:38:23 info: GET /test/jsonsearchquery 200 - - 1.074 ms
2023-11-17 22:38:31 info: GET /test/jsonsearchquery 200 - - 0.479 ms
2023-11-17 22:38:47 info: GET /test/jsonsearchquery 200 - - 1.161 ms
2023-11-17 22:38:52 info: GET /test/jsonsearchquery 200 - - 0.354 ms
2023-11-17 22:39:07 info: GET /test/jsonsearchquery 200 - - 0.462 ms
2023-11-17 22:39:38 info: GET /test/jsonsearchquery 200 - - 0.461 ms
2023-11-17 22:39:54 info: GET /test/jsonsearchquery 200 - - 0.408 ms
2023-11-17 22:40:17 info: GET /test/jsonsearchquery 200 - - 0.507 ms
2023-11-17 22:40:24 info: GET /test/jsonsearchquery 200 - - 0.439 ms
2023-11-17 22:40:36 info: GET /test/jsonsearchquery 200 - - 0.377 ms
2023-11-17 22:40:54 info: GET /test/jsonsearchquery 200 - - 0.799 ms
2023-11-17 22:42:27 info: GET /test/jsonsearchquery 200 - - 0.410 ms
2023-11-17 22:42:35 info: GET /test/jsonsearchquery 200 - - 0.462 ms
2023-11-17 22:42:42 info: GET /test/jsonsearchquery 200 - - 0.430 ms
2023-11-17 22:42:54 info: GET /test/jsonsearchquery 200 - - 0.379 ms
2023-11-17 22:43:11 info: GET /test/jsonsearchquery 200 - - 0.359 ms
2023-11-17 22:43:21 info: GET /test/jsonsearchquery 200 - - 0.348 ms
2023-11-17 22:43:35 info: GET /test/jsonsearchquery 200 - - 0.407 ms
2023-11-17 22:43:48 info: GET /test/jsonsearchquery 200 - - 0.519 ms
2023-11-17 22:43:50 info: GET /test/jsonsearchquery 200 - - 0.553 ms
2023-11-17 22:44:08 info: GET /test/jsonsearchquery 200 - - 0.368 ms
2023-11-17 22:44:15 info: GET /test/jsonsearchquery 200 - - 0.335 ms
2023-11-17 22:44:34 info: GET /test/jsonsearchquery 200 - - 0.394 ms
2023-11-17 22:44:45 info: GET /test/jsonsearchquery 200 - - 0.350 ms
2023-11-17 22:45:28 info: GET /test/jsonsearchquery 200 - - 0.392 ms
2023-11-17 22:45:39 info: GET /test/jsonsearchquery 200 - - 0.382 ms
2023-11-17 22:45:55 info: GET /test/jsonsearchquery 200 - - 0.339 ms
2023-11-17 22:46:32 info: GET /test/jsonsearchquery 200 - - 0.346 ms
2023-11-17 22:46:53 info: GET /test/jsonsearchquery 200 - - 0.405 ms
2023-11-17 22:47:34 info: GET /test/jsonsearchquery 200 - - 0.410 ms
2023-11-17 22:47:52 info: GET /test/jsonsearchquery 200 - - 1.224 ms
2023-11-17 22:48:33 info: GET /test/jsonsearchquery 200 - - 0.395 ms
2023-11-17 22:49:20 info: GET /test/jsonsearchquery 200 - - 0.370 ms
2023-11-17 22:49:45 info: GET /test/jsonsearchquery 200 - - 0.911 ms
2023-11-17 22:49:52 info: GET /test/jsonsearchquery 200 - - 0.392 ms
2023-11-17 22:50:03 info: GET /test/jsonsearchquery 200 - - 0.399 ms
2023-11-17 22:50:21 info: GET /test/jsonsearchquery 200 - - 0.384 ms
2023-11-17 22:51:12 info: GET /test/jsonsearchquery 200 - - 0.423 ms
2023-11-17 22:51:31 info: GET /test/jsonsearchquery 200 - - 0.386 ms
2023-11-17 22:51:57 info: GET /test/jsonsearchquery 200 - - 0.920 ms
2023-11-17 22:52:27 info: GET /test/jsonsearchquery 200 - - 0.387 ms
2023-11-17 22:53:36 info: GET /test/jsonsearchquery 200 - - 0.980 ms
2023-11-17 22:57:54 info: GET /test/jsonsearchquery 200 - - 0.447 ms
2023-11-17 22:58:22 info: GET /test/jsonsearchquery 200 - - 0.887 ms
2023-11-17 22:58:40 info: GET /test/jsonsearchquery 200 - - 0.477 ms
2023-11-17 22:58:48 info: GET /test/jsonsearchquery 200 - - 0.381 ms
2023-11-17 22:59:21 info: GET /test/jsonsearchquery 200 - - 0.473 ms
2023-11-17 22:59:30 info: GET /test/jsonsearchquery 200 - - 0.438 ms
2023-11-17 23:00:16 info: GET /test/jsonsearchquery 200 - - 0.413 ms
2023-11-17 23:01:36 info: GET /test/jsonsearchquery 200 - - 0.984 ms
2023-11-17 23:01:59 info: GET /test/jsonsearchquery 200 - - 1.419 ms
2023-11-17 23:02:23 info: GET /test/jsonsearchquery 200 - - 0.385 ms
2023-11-17 23:03:45 info: GET /test/jsonsearchquery 200 - - 0.395 ms
2023-11-17 23:04:03 info: GET /test/jsonsearchquery 200 - - 0.363 ms
2023-11-17 23:04:22 info: GET /test/jsonsearchquery 200 - - 0.382 ms
2023-11-17 23:04:55 info: GET /test/jsonsearchquery 200 - - 0.393 ms
2023-11-17 23:05:13 info: GET /test/jsonsearchquery 200 - - 0.933 ms
2023-11-17 23:05:39 info: GET /test/jsonsearchquery 200 - - 0.418 ms
2023-11-17 23:05:47 info: GET /test/jsonsearchquery 200 - - 0.371 ms
2023-11-17 23:05:55 info: GET /test/jsonsearchquery 200 - - 0.441 ms
2023-11-17 23:06:28 info: GET /test/jsonsearchquery 200 - - 0.449 ms
2023-11-17 23:07:06 info: GET /test/jsonsearchquery 200 - - 1.289 ms
2023-11-17 23:07:12 info: GET /test/jsonsearchquery 200 - - 0.432 ms
2023-11-17 23:07:22 info: GET /test/jsonsearchquery 200 - - 0.384 ms
2023-11-17 23:08:09 info: GET /test/jsonsearchquery 200 - - 1.048 ms
2023-11-17 23:08:20 info: GET /test/jsonsearchquery 200 - - 0.747 ms
2023-11-17 23:09:00 info: GET /test/jsonsearchquery 200 - - 0.390 ms
2023-11-17 23:09:42 info: GET /test/jsonsearchquery 200 - - 0.354 ms
2023-11-17 23:09:51 info: GET /test/jsonsearchquery 200 - - 0.942 ms
2023-11-17 23:10:04 info: GET /test/jsonsearchquery 200 - - 0.598 ms
2023-11-17 23:10:10 info: GET /test/jsonsearchquery 200 - - 0.398 ms
2023-11-17 23:10:21 info: GET /test/jsonsearchquery 200 - - 0.332 ms
2023-11-17 23:10:32 info: GET /test/jsonsearchquery 200 - - 0.416 ms
2023-11-17 23:10:44 info: GET /test/jsonsearchquery 200 - - 0.329 ms
2023-11-17 23:10:57 info: GET /test/jsonsearchquery 200 - - 1.019 ms
2023-11-17 23:12:10 info: GET /test/jsonsearchquery 200 - - 0.458 ms
2023-11-17 23:12:26 info: GET /test/jsonsearchquery 200 - - 0.380 ms
2023-11-17 23:12:38 info: GET /test/jsonsearchquery 200 - - 0.401 ms
2023-11-17 23:13:34 info: GET /test/jsonsearchquery 200 - - 0.365 ms
2023-11-17 23:13:42 info: GET /test/jsonsearchquery 200 - - 0.393 ms
2023-11-17 23:13:50 info: GET /test/jsonsearchquery 200 - - 0.382 ms
2023-11-17 23:22:15 info: GET /test/jsonsearchquery 200 - - 0.530 ms
2023-11-17 23:24:31 info: GET /test/jsonsearchquery 200 - - 0.383 ms
