2023-11-13 15:43:44 info: =================================
2023-11-13 15:43:44 info: ======= ENV: development =======
2023-11-13 15:43:44 info: App listening on the port 3000
2023-11-13 15:43:44 info: =================================
2023-11-13 15:44:00 info: =================================
2023-11-13 15:44:00 info: ======= ENV: development =======
2023-11-13 15:44:00 info: App listening on the port 3000
2023-11-13 15:44:00 info: =================================
2023-11-13 15:44:15 info: =================================
2023-11-13 15:44:15 info: ======= ENV: development ========
2023-11-13 15:44:15 info: App listening on the port 3000
2023-11-13 15:44:15 info: =================================
2023-11-13 15:45:40 info: =================================
2023-11-13 15:45:40 info: ======= ENV: development ========
2023-11-13 15:45:40 info: App listening on the port 3000
2023-11-13 15:45:40 info: =================================
2023-11-13 15:45:48 info: =================================
2023-11-13 15:45:48 info: ======= ENV: development ========
2023-11-13 15:45:48 info: App listening on the port 3000
2023-11-13 15:45:48 info: =================================
2023-11-13 15:46:52 info: =================================
2023-11-13 15:46:52 info: ======= ENV: development ========
2023-11-13 15:46:52 info: App listening on the port 3000
2023-11-13 15:46:52 info: =================================
2023-11-13 15:48:15 info: =================================
2023-11-13 15:48:15 info: ======= ENV: development ========
2023-11-13 15:48:15 info: App listening on the port 3000
2023-11-13 15:48:15 info: =================================
2023-11-13 15:48:20 info: =================================
2023-11-13 15:48:20 info: ======= ENV: development ========
2023-11-13 15:48:20 info: App listening on the port 3000
2023-11-13 15:48:20 info: =================================
2023-11-13 15:52:15 info: =================================
2023-11-13 15:52:15 info: ======= ENV: development ========
2023-11-13 15:52:15 info: App listening on the port 3000
2023-11-13 15:52:15 info: =================================
2023-11-13 15:52:24 info: =================================
2023-11-13 15:52:24 info: ======= ENV: development ========
2023-11-13 15:52:24 info: App listening on the port 3000
2023-11-13 15:52:24 info: =================================
2023-11-13 15:58:08 info: =================================
2023-11-13 15:58:08 info: ======= ENV: development ========
2023-11-13 15:58:08 info: App listening on the port 3000
2023-11-13 15:58:08 info: =================================
2023-11-13 15:59:03 info: =================================
2023-11-13 15:59:03 info: ======= ENV: development ========
2023-11-13 15:59:03 info: App listening on the port 3000
2023-11-13 15:59:03 info: =================================
2023-11-13 15:59:25 info: =================================
2023-11-13 15:59:25 info: ======= ENV: development ========
2023-11-13 15:59:25 info: App listening on the port 3000
2023-11-13 15:59:25 info: =================================
2023-11-13 15:59:32 info: =================================
2023-11-13 15:59:32 info: ======= ENV: development ========
2023-11-13 15:59:32 info: App listening on the port 3000
2023-11-13 15:59:32 info: =================================
2023-11-13 16:00:26 info: =================================
2023-11-13 16:00:26 info: ======= ENV: development ========
2023-11-13 16:00:26 info: App listening on the port 3000
2023-11-13 16:00:26 info: =================================
2023-11-13 16:00:32 info: =================================
2023-11-13 16:00:32 info: ======= ENV: development ========
2023-11-13 16:00:32 info: App listening on the port 3000
2023-11-13 16:00:32 info: =================================
2023-11-13 16:01:22 info: =================================
2023-11-13 16:01:22 info: ======= ENV: development ========
2023-11-13 16:01:22 info: App listening on the port 3000
2023-11-13 16:01:22 info: =================================
2023-11-13 16:02:51 info: =================================
2023-11-13 16:02:51 info: ======= ENV: development ========
2023-11-13 16:02:51 info: App listening on the port 3000
2023-11-13 16:02:51 info: =================================
2023-11-13 16:05:40 info: =================================
2023-11-13 16:05:40 info: ======= ENV: development ========
2023-11-13 16:05:40 info: App listening on the port 3000
2023-11-13 16:05:40 info: =================================
2023-11-13 16:05:51 info: =================================
2023-11-13 16:05:51 info: ======= ENV: development ========
2023-11-13 16:05:51 info: App listening on the port 3000
2023-11-13 16:05:51 info: =================================
2023-11-13 16:13:21 info: =================================
2023-11-13 16:13:21 info: ======= ENV: development ========
2023-11-13 16:13:21 info: App listening on the port 3000
2023-11-13 16:13:21 info: =================================
2023-11-13 16:13:42 info: =================================
2023-11-13 16:13:42 info: ======= ENV: development ========
2023-11-13 16:13:42 info: App listening on the port 3000
2023-11-13 16:13:42 info: =================================
2023-11-13 16:13:48 info: GET /hello 200 20 - 2.559 ms
2023-11-13 16:13:51 info: PUT /hello 200 20 - 10.548 ms
2023-11-13 16:13:52 info: PUT /hello 200 20 - 2.258 ms
2023-11-13 16:13:54 info: PUT /hello 200 20 - 0.754 ms
2023-11-13 16:13:55 info: GET /hello 200 20 - 0.557 ms
2023-11-13 16:19:13 info: =================================
2023-11-13 16:19:13 info: ======= ENV: development ========
2023-11-13 16:19:13 info: App listening on the port 3000
2023-11-13 16:19:13 info: =================================
2023-11-13 16:24:54 info: =================================
